<?xml version="1.0" encoding="UTF-8"?>
<!-- Generated by org.testng.reporters.JUnitXMLReporter -->
<testsuite ignored="0" hostname="usa0300vm3739" failures="0" tests="3" name="Default test" time="27.814" errors="0" timestamp="2024-12-10T01:16:17 EST">
  <testcase classname="TestNG.DataProvider_LoginCredentials" name="login" time="5.746"/>
  <testcase classname="TestNG.DataProvider_LoginCredentials" name="login" time="17.804"/>
  <testcase classname="TestNG.DataProvider_LoginCredentials" name="login" time="4.211"/>
</testsuite> <!-- Default test -->
