<?xml version="1.0" encoding="UTF-8"?>
<testng-results ignored="0" total="1" passed="1" failed="0" skipped="0">
  <reporter-output>
    <line>
      <![CDATA[Testcase is passed]]>
    </line>
  </reporter-output>
  <suite started-at="2024-12-05T06:08:43 EST" name="Default suite" finished-at="2024-12-05T06:09:02 EST" duration-ms="18987">
    <groups>
    </groups>
    <test started-at="2024-12-05T06:08:43 EST" name="Default test" finished-at="2024-12-05T06:09:02 EST" duration-ms="18987">
      <class name="Maven_MKT.Mock_Interview_Maven.Login_FB_Test">
        <test-method signature="loginTest()[pri:0, instance:Maven_MKT.Mock_Interview_Maven.Login_FB_Test@7bab3f1a]" started-at="2024-12-05T06:08:43 EST" name="loginTest" finished-at="2024-12-05T06:09:02 EST" duration-ms="18838" status="PASS">
          <reporter-output>
            <line>
              <![CDATA[Testcase is passed]]>
            </line>
          </reporter-output>
        </test-method> <!-- loginTest -->
      </class> <!-- Maven_MKT.Mock_Interview_Maven.Login_FB_Test -->
    </test> <!-- Default test -->
  </suite> <!-- Default suite -->
</testng-results>
